AAC3_PRIME.AGly_AF355189.1_gene2_1_Aminoglycosides_Aminoglycoside_N_acetyltransferases_AAC3_PRIME was removed because does not look like a gene, so removing its metadata
AAC6_PRIME.1152_EU118148.2_EU118148_Aminoglycosides_Aminoglycoside_N_acetyltransferases_AAC6_PRIME was removed because does not look like a gene, so removing its metadata
AAC6_PRIME.1906_AJ584652.2_AJ584652_Aminoglycosides_Aminoglycoside_N_acetyltransferases_AAC6_PRIME was removed because does not look like a gene, so removing its metadata
AAC6_PRIME.AGly_AF047556.1_gene1_Aminoglycosides_Aminoglycoside_N_acetyltransferases_AAC6_PRIME was removed because does not look like a gene, so removing its metadata
AAC6_PRIME.AGly_AF162771.1_gene2_Aminoglycosides_Aminoglycoside_N_acetyltransferases_AAC6_PRIME was removed because does not look like a gene, so removing its metadata
AAC6_PRIME.AGly_AF263519.1_gene4_Aminoglycosides_Aminoglycoside_N_acetyltransferases_AAC6_PRIME was removed because does not look like a gene, so removing its metadata
AAC6_PRIME.AGly_AF355189.1_gene2_2_Aminoglycosides_Aminoglycoside_N_acetyltransferases_AAC6_PRIME was removed because does not look like a gene, so removing its metadata
AAC6_PRIME.AGly_Aac3_Ib_Aac6_Ib_AF355189_1435_2439_1005_Aminoglycosides_Aminoglycoside_N_acetyltransferases_AAC6_PRIME was removed because does not look like a gene, so removing its metadata
AAC6_PRIME.AGly_EU886977.1_gene2_Aminoglycosides_Aminoglycoside_N_acetyltransferases_AAC6_PRIME was removed because does not look like a gene, so removing its metadata
AAC6_PRIME.AGly_L06163.1_gene1_Aminoglycosides_Aminoglycoside_N_acetyltransferases_AAC6_PRIME was removed because does not look like a gene, so removing its metadata
AAC6_PRIME.AGly_NC_005024.2598370_Aminoglycosides_Aminoglycoside_N_acetyltransferases_AAC6_PRIME was removed because does not look like a gene, so removing its metadata
ACC.Bla_ACC_3_AF180957_1_1131_1131_betalactams_Class_C_betalactamases_ACC was removed because does not look like a gene, so removing its metadata
ACT.1298_KM926622.1_KM926622_betalactams_Class_C_betalactamases_ACT was removed because does not look like a gene, so removing its metadata
ACT.Bla_ACT_16_AB737978_1_1140_1140_betalactams_Class_C_betalactamases_ACT was removed because does not look like a gene, so removing its metadata
ACT.Bla_CMG_AY265892_1_1054_1054_putative_betalactams_Class_C_betalactamases_ACT was removed because does not look like a gene, so removing its metadata
ACT.Bla_ZEG_1_AY265891_1_1013_1013_betalactams_Class_C_betalactamases_ACT was removed because does not look like a gene, so removing its metadata
ACT.gi_397174612_dbj_AB737978.1_betalactams_Class_C_betalactamases_ACT was removed because does not look like a gene, so removing its metadata
ACT.gi_407731534_gb_JX440355.1_betalactams_Class_C_betalactamases_ACT was removed because does not look like a gene, so removing its metadata
ACT.gi_407731538_gb_JX440356.1_betalactams_Class_C_betalactamases_ACT was removed because does not look like a gene, so removing its metadata
ACT.gi_4827074_gb_U58495.2_KPU58495_betalactams_Class_C_betalactamases_ACT was removed because does not look like a gene, so removing its metadata
ACT.gi_591542910_gb_KJ207206.1_betalactams_Class_C_betalactamases_ACT was removed because does not look like a gene, so removing its metadata
ACT.gi_591542941_gb_KJ207208.1_betalactams_Class_C_betalactamases_ACT was removed because does not look like a gene, so removing its metadata
ACT.gi_591542958_gb_KJ207209.1_betalactams_Class_C_betalactamases_ACT was removed because does not look like a gene, so removing its metadata
ACT.gi_595583477_gb_KF992026.1_betalactams_Class_C_betalactamases_ACT was removed because does not look like a gene, so removing its metadata
ACT.gi_595583481_gb_KF992027.1_betalactams_Class_C_betalactamases_ACT was removed because does not look like a gene, so removing its metadata
ACT.gi_595583489_gb_KF992029.1_betalactams_Class_C_betalactamases_ACT was removed because does not look like a gene, so removing its metadata
AER.Bla_U14748.1_gene2_betalactams_Class_A_betalactamases_AER was removed because does not look like a gene, so removing its metadata
ANT3_DPRIME.1613_AY740681.1_AY740681_Aminoglycosides_Aminoglycoside_O_nucleotidyltransferases_ANT3_DPRIME was removed because does not look like a gene, so removing its metadata
ANT3_DPRIME.174_AF453998.2_AF453998_Aminoglycosides_Aminoglycoside_O_nucleotidyltransferases_ANT3_DPRIME was removed because does not look like a gene, so removing its metadata
ANT3_DPRIME.1863_AJ620678.1_AJ620678_Aminoglycosides_Aminoglycoside_O_nucleotidyltransferases_ANT3_DPRIME was removed because does not look like a gene, so removing its metadata
ANT3_DPRIME.AGly_AF047479.2_gene10_Aminoglycosides_Aminoglycoside_O_nucleotidyltransferases_ANT3_DPRIME was removed because does not look like a gene, so removing its metadata
ANT3_DPRIME.AGly_U12338.3_gene7_Aminoglycosides_Aminoglycoside_O_nucleotidyltransferases_ANT3_DPRIME was removed because does not look like a gene, so removing its metadata
ANT4_PRIME.685_unknown_id_unknown_name_Aminoglycosides_Aminoglycoside_O_nucleotidyltransferases_ANT4_PRIME was removed because does not look like a gene, so removing its metadata
ANT6.AGly_AY712687.1_gene1_Aminoglycosides_Aminoglycoside_O_nucleotidyltransferases_ANT6 was removed because does not look like a gene, so removing its metadata
ANT6.AGly_str_3_AM932524_Aminoglycosides_Aminoglycoside_O_nucleotidyltransferases_ANT6 was removed because does not look like a gene, so removing its metadata
APH3_DPRIME.AGly_aph3_dprime_Ic_1_DQ336355_Aminoglycosides_Aminoglycoside_O_phosphotransferases_APH3_DPRIME was removed because does not look like a gene, so removing its metadata
BLAA.Bla_A_1_DQ424965_betalactams_Class_A_betalactamases_BLAA was removed because does not look like a gene, so removing its metadata
BLAB.Bla_B_9_AY348324_1_747_747_betalactams_Class_B_betalactamases_BLAB was removed because does not look like a gene, so removing its metadata
BLT.Mdr_L32599.1_gene2_Multi_drug_resistance_Multi_drug_efflux_pumps_BLT was removed because does not look like a gene, so removing its metadata
CARB.Bla_AY248038.1_gene4_betalactams_Class_A_betalactamases_CARB was removed because does not look like a gene, so removing its metadata
CARB.Bla_DQ831141.1_gene2_betalactams_Class_A_betalactamases_CARB was removed because does not look like a gene, so removing its metadata
CARB.gi_151074_gb_M69058.1_PSEBETLAC_betalactams_Class_A_betalactamases_CARB was removed because does not look like a gene, so removing its metadata
CARB.gi_233319_gb_S46063.1_betalactams_Class_A_betalactamases_CARB was removed because does not look like a gene, so removing its metadata
CARB.gi_3004512_gb_U14749.1_PAU14749_betalactams_Class_A_betalactamases_CARB was removed because does not look like a gene, so removing its metadata
CARB.gi_695198991_ref_NG_035137.1_betalactams_Class_A_betalactamases_CARB was removed because does not look like a gene, so removing its metadata
CARB.gi_7381164_gb_AF135373.1_betalactams_Class_A_betalactamases_CARB was removed because does not look like a gene, so removing its metadata
CATA.Phe_M90091.1_gene2_Phenicol_Chloramphenicol_acetyltransferases_CATA was removed because does not look like a gene, so removing its metadata
CATA.Phe_NC_010588.1.6276004_Phenicol_Chloramphenicol_acetyltransferases_CATA was removed because does not look like a gene, so removing its metadata
CATP.944_X74948.1_X74948_Phenicol_Chloramphenicol_acetyltransferases_CATP was removed because does not look like a gene, so removing its metadata
CFIA.Bla_M63556.1_gene1_betalactams_Class_B_betalactamases_CFIA was removed because does not look like a gene, so removing its metadata
CML.Phe_AF458080.1_gene3_Phenicol_Phenicol_efflux_pumps_CML was removed because does not look like a gene, so removing its metadata
CML.Phe_AJ87033.2_gene3_Phenicol_Phenicol_efflux_pumps_CML was removed because does not look like a gene, so removing its metadata
CML.Phe_U12338.3_gene8_Phenicol_Phenicol_efflux_pumps_CML was removed because does not look like a gene, so removing its metadata
CMY.Bla_AF167990.3_gene1_betalactams_Class_C_betalactamases_CMY was removed because does not look like a gene, so removing its metadata
CMY.Bla_AF357599.1_gene1_betalactams_Class_C_betalactamases_CMY was removed because does not look like a gene, so removing its metadata
CMY.Bla_CMY_30_EF685372_1_1143_1143_betalactams_Class_C_betalactamases_CMY was removed because does not look like a gene, so removing its metadata
CMY.Bla_CMY_3_1_Y16783_betalactams_Class_C_betalactamases_CMY was removed because does not look like a gene, so removing its metadata
CMY.Bla_CMY_87_AB699171_1_1143_1143_betalactams_Class_C_betalactamases_CMY was removed because does not look like a gene, so removing its metadata
CMY.Bla_DQ463751.1_gene1_betalactams_Class_C_betalactamases_CMY was removed because does not look like a gene, so removing its metadata
CMY.gi_13591814_gb_AF357597.1_betalactams_Class_C_betalactamases_CMY was removed because does not look like a gene, so removing its metadata
CMY.gi_13591818_gb_AF357599.1_betalactams_Class_C_betalactamases_CMY was removed because does not look like a gene, so removing its metadata
CMY.gi_1524112_emb_X92508.1_betalactams_Class_C_betalactamases_CMY was removed because does not look like a gene, so removing its metadata
CMY.gi_2570064_emb_Y15130.1_betalactams_Class_C_betalactamases_CMY was removed because does not look like a gene, so removing its metadata
CMY.gi_2959389_emb_Y16785.1_betalactams_Class_C_betalactamases_CMY was removed because does not look like a gene, so removing its metadata
CMY.gi_306773837_dbj_AB587082.1_betalactams_Class_C_betalactamases_CMY was removed because does not look like a gene, so removing its metadata
CMY.gi_332867557_gb_EF685371.2_betalactams_Class_C_betalactamases_CMY was removed because does not look like a gene, so removing its metadata
CMY.gi_336318752_gb_JF780936.1_betalactams_Class_C_betalactamases_CMY was removed because does not look like a gene, so removing its metadata
CMY.gi_347364914_gb_HM046998.2_betalactams_Class_C_betalactamases_CMY was removed because does not look like a gene, so removing its metadata
CMY.gi_347364916_gb_HM569226.2_betalactams_Class_C_betalactamases_CMY was removed because does not look like a gene, so removing its metadata
CMY.gi_356457901_gb_HQ650104.1_betalactams_Class_C_betalactamases_CMY was removed because does not look like a gene, so removing its metadata
CMY.gi_374414413_gb_JN714478.1_betalactams_Class_C_betalactamases_CMY was removed because does not look like a gene, so removing its metadata
CMY.gi_374414421_gb_JN714480.1_betalactams_Class_C_betalactamases_CMY was removed because does not look like a gene, so removing its metadata
CMY.gi_387861048_gb_JQ711184.1_betalactams_Class_C_betalactamases_CMY was removed because does not look like a gene, so removing its metadata
CMY.gi_387861052_gb_JQ711185.1_betalactams_Class_C_betalactamases_CMY was removed because does not look like a gene, so removing its metadata
CMY.gi_388564827_gb_JQ733571.1_betalactams_Class_C_betalactamases_CMY was removed because does not look like a gene, so removing its metadata
CMY.gi_388564831_gb_JQ733572.1_betalactams_Class_C_betalactamases_CMY was removed because does not look like a gene, so removing its metadata
CMY.gi_388564835_gb_JQ733573.1_betalactams_Class_C_betalactamases_CMY was removed because does not look like a gene, so removing its metadata
CMY.gi_388564843_gb_JQ733575.1_betalactams_Class_C_betalactamases_CMY was removed because does not look like a gene, so removing its metadata
CMY.gi_388564847_gb_JQ733576.1_betalactams_Class_C_betalactamases_CMY was removed because does not look like a gene, so removing its metadata
CMY.gi_388564851_gb_JQ733577.1_betalactams_Class_C_betalactamases_CMY was removed because does not look like a gene, so removing its metadata
CMY.gi_388564855_gb_JQ733578.1_betalactams_Class_C_betalactamases_CMY was removed because does not look like a gene, so removing its metadata
CMY.gi_388564859_gb_JQ733579.1_betalactams_Class_C_betalactamases_CMY was removed because does not look like a gene, so removing its metadata
CMY.gi_407731510_gb_JX440349.1_betalactams_Class_C_betalactamases_CMY was removed because does not look like a gene, so removing its metadata
CMY.gi_407731514_gb_JX440350.1_betalactams_Class_C_betalactamases_CMY was removed because does not look like a gene, so removing its metadata
CMY.gi_407731518_gb_JX440351.1_betalactams_Class_C_betalactamases_CMY was removed because does not look like a gene, so removing its metadata
CMY.gi_407731522_gb_JX440352.1_betalactams_Class_C_betalactamases_CMY was removed because does not look like a gene, so removing its metadata
CMY.gi_407731526_gb_JX440353.1_betalactams_Class_C_betalactamases_CMY was removed because does not look like a gene, so removing its metadata
CMY.gi_42357702_gb_AY513266.1_betalactams_Class_C_betalactamases_CMY was removed because does not look like a gene, so removing its metadata
CMY.gi_442540408_gb_JX514368.1_betalactams_Class_C_betalactamases_CMY was removed because does not look like a gene, so removing its metadata
CMY.gi_442540410_gb_JX514369.1_betalactams_Class_C_betalactamases_CMY was removed because does not look like a gene, so removing its metadata
CMY.gi_496632_emb_X78117.1_betalactams_Class_C_betalactamases_CMY was removed because does not look like a gene, so removing its metadata
CMY.gi_537366551_gb_KF305673.1_betalactams_Class_C_betalactamases_CMY was removed because does not look like a gene, so removing its metadata
CMY.gi_53854915_gb_AY743434.1_betalactams_Class_C_betalactamases_CMY was removed because does not look like a gene, so removing its metadata
CMY.gi_591542826_gb_KJ207202.1_betalactams_Class_C_betalactamases_CMY was removed because does not look like a gene, so removing its metadata
CMY.gi_591542849_gb_KJ207203.1_betalactams_Class_C_betalactamases_CMY was removed because does not look like a gene, so removing its metadata
CMY.gi_591542868_gb_KJ207204.1_betalactams_Class_C_betalactamases_CMY was removed because does not look like a gene, so removing its metadata
CMY.gi_591542892_gb_KJ207205.1_betalactams_Class_C_betalactamases_CMY was removed because does not look like a gene, so removing its metadata
CMY.gi_595583473_gb_KF992025.1_betalactams_Class_C_betalactamases_CMY was removed because does not look like a gene, so removing its metadata
CMY.gi_72199369_gb_DQ139328.1_betalactams_Class_C_betalactamases_CMY was removed because does not look like a gene, so removing its metadata
CMY.gi_753186447_gb_KM983294.1_betalactams_Class_C_betalactamases_CMY was removed because does not look like a gene, so removing its metadata
CMY.gi_93277247_gb_DQ463751.1_betalactams_Class_C_betalactamases_CMY was removed because does not look like a gene, so removing its metadata
CTX.1090_DQ303459.3_DQ303459_betalactams_Class_A_betalactamases_CTX was removed because does not look like a gene, so removing its metadata
CTX.1268_AB976602.1_AB976602_betalactams_Class_A_betalactamases_CTX was removed because does not look like a gene, so removing its metadata
CTX.Bla_AF518567.2_gene4_betalactams_Class_A_betalactamases_CTX was removed because does not look like a gene, so removing its metadata
CTX.Bla_CTX_M_107_JF274244_1_864_864_betalactams_Class_A_betalactamases_CTX was removed because does not look like a gene, so removing its metadata
CTX.Bla_CTX_M_109_JF274248_1_865_865_betalactams_Class_A_betalactamases_CTX was removed because does not look like a gene, so removing its metadata
CTX.Bla_CTX_M_10_AF255298_1_873_873_betalactams_Class_A_betalactamases_CTX was removed because does not look like a gene, so removing its metadata
CTX.Bla_CTX_M_110_JF274242_1_877_877_betalactams_Class_A_betalactamases_CTX was removed because does not look like a gene, so removing its metadata
CTX.Bla_CTX_M_11_AY005110_254_1402_876_betalactams_Class_A_betalactamases_CTX was removed because does not look like a gene, so removing its metadata
CTX.Bla_CTX_M_7_AJ005045_1_876_976_betalactams_Class_A_betalactamases_CTX was removed because does not look like a gene, so removing its metadata
CTX.gi_110630022_gb_DQ810789.1_betalactams_Class_A_betalactamases_CTX was removed because does not look like a gene, so removing its metadata
CTX.gi_11321257_gb_AF305837.1_betalactams_Class_A_betalactamases_CTX was removed because does not look like a gene, so removing its metadata
CTX.gi_121495528_emb_AM411407.1_betalactams_Class_A_betalactamases_CTX was removed because does not look like a gene, so removing its metadata
CTX.gi_124263631_gb_EF210159.1_betalactams_Class_A_betalactamases_CTX was removed because does not look like a gene, so removing its metadata
CTX.gi_124365351_gb_EF219142.1_betalactams_Class_A_betalactamases_CTX was removed because does not look like a gene, so removing its metadata
CTX.gi_126013667_gb_EF418608.1_betalactams_Class_A_betalactamases_CTX was removed because does not look like a gene, so removing its metadata
CTX.gi_1435024_dbj_D37830.1_ECOBELA_betalactams_Class_A_betalactamases_CTX was removed because does not look like a gene, so removing its metadata
CTX.gi_146771514_gb_EF576988.1_betalactams_Class_A_betalactamases_CTX was removed because does not look like a gene, so removing its metadata
CTX.gi_1524020_emb_X92506.1_betalactams_Class_A_betalactamases_CTX was removed because does not look like a gene, so removing its metadata
CTX.gi_1524365_emb_X92507.1_betalactams_Class_A_betalactamases_CTX was removed because does not look like a gene, so removing its metadata
CTX.gi_157812671_gb_EU177100.1_betalactams_Class_A_betalactamases_CTX was removed because does not look like a gene, so removing its metadata
CTX.gi_19526203_gb_AY080894.1_betalactams_Class_A_betalactamases_CTX was removed because does not look like a gene, so removing its metadata
CTX.gi_19852069_gb_AF488377.1_betalactams_Class_A_betalactamases_CTX was removed because does not look like a gene, so removing its metadata
CTX.gi_227018497_gb_FJ873739.1_betalactams_Class_A_betalactamases_CTX was removed because does not look like a gene, so removing its metadata
CTX.gi_238801079_gb_FJ971899.1_betalactams_Class_A_betalactamases_CTX was removed because does not look like a gene, so removing its metadata
CTX.gi_239909268_gb_GQ149243.1_betalactams_Class_A_betalactamases_CTX was removed because does not look like a gene, so removing its metadata
CTX.gi_239909270_gb_GQ149244.1_betalactams_Class_A_betalactamases_CTX was removed because does not look like a gene, so removing its metadata
CTX.gi_2443464_gb_U95364.1_STU95364_betalactams_Class_A_betalactamases_CTX was removed because does not look like a gene, so removing its metadata
CTX.gi_2462700_emb_Y14156.1_betalactams_Class_A_betalactamases_CTX was removed because does not look like a gene, so removing its metadata
CTX.gi_259120753_gb_FJ815436.1_betalactams_Class_A_betalactamases_CTX was removed because does not look like a gene, so removing its metadata
CTX.gi_260178851_gb_GQ870432.1_betalactams_Class_A_betalactamases_CTX was removed because does not look like a gene, so removing its metadata
CTX.gi_2765064_emb_Y10278.1_betalactams_Class_A_betalactamases_CTX was removed because does not look like a gene, so removing its metadata
CTX.gi_29692030_gb_AY238472.1_betalactams_Class_A_betalactamases_CTX was removed because does not look like a gene, so removing its metadata
CTX.gi_3021576_emb_AJ005044.1_betalactams_Class_A_betalactamases_CTX was removed because does not look like a gene, so removing its metadata
CTX.gi_303297116_gb_HM776707.1_betalactams_Class_A_betalactamases_CTX was removed because does not look like a gene, so removing its metadata
CTX.gi_32187778_emb_AJ567481.1_betalactams_Class_A_betalactamases_CTX was removed because does not look like a gene, so removing its metadata
CTX.gi_323709060_gb_HQ398214.1_betalactams_Class_A_betalactamases_CTX was removed because does not look like a gene, so removing its metadata
CTX.gi_325560583_gb_HQ913565.1_betalactams_Class_A_betalactamases_CTX was removed because does not look like a gene, so removing its metadata
CTX.gi_337729566_gb_JF966749.1_betalactams_Class_A_betalactamases_CTX was removed because does not look like a gene, so removing its metadata
CTX.gi_343480067_gb_JF274244.1_betalactams_Class_A_betalactamases_CTX was removed because does not look like a gene, so removing its metadata
CTX.gi_343480069_gb_JF274245.1_betalactams_Class_A_betalactamases_CTX was removed because does not look like a gene, so removing its metadata
CTX.gi_343480075_gb_JF274248.1_betalactams_Class_A_betalactamases_CTX was removed because does not look like a gene, so removing its metadata
CTX.gi_358009202_gb_JN227085.1_betalactams_Class_A_betalactamases_CTX was removed because does not look like a gene, so removing its metadata
CTX.gi_375313996_gb_JN790864.1_betalactams_Class_A_betalactamases_CTX was removed because does not look like a gene, so removing its metadata
CTX.gi_452107691_gb_KC351754.1_betalactams_Class_A_betalactamases_CTX was removed because does not look like a gene, so removing its metadata
CTX.gi_508128869_gb_KC964871.1_betalactams_Class_A_betalactamases_CTX was removed because does not look like a gene, so removing its metadata
CTX.gi_530776686_emb_HG423149.1_betalactams_Class_A_betalactamases_CTX was removed because does not look like a gene, so removing its metadata
CTX.gi_56069564_gb_AY822595.1_betalactams_Class_A_betalactamases_CTX was removed because does not look like a gene, so removing its metadata
CTX.gi_56554762_gb_AY847143.1_betalactams_Class_A_betalactamases_CTX was removed because does not look like a gene, so removing its metadata
CTX.gi_56554764_gb_AY847144.1_betalactams_Class_A_betalactamases_CTX was removed because does not look like a gene, so removing its metadata
CTX.gi_56554766_gb_AY847145.1_betalactams_Class_A_betalactamases_CTX was removed because does not look like a gene, so removing its metadata
CTX.gi_56554768_gb_AY847146.1_betalactams_Class_A_betalactamases_CTX was removed because does not look like a gene, so removing its metadata
CTX.gi_56554770_gb_AY847147.1_betalactams_Class_A_betalactamases_CTX was removed because does not look like a gene, so removing its metadata
CTX.gi_56554772_gb_AY847148.1_betalactams_Class_A_betalactamases_CTX was removed because does not look like a gene, so removing its metadata
CTX.gi_60359799_dbj_AB205197.1_betalactams_Class_A_betalactamases_CTX was removed because does not look like a gene, so removing its metadata
CTX.gi_6137225_gb_AF189721.1_betalactams_Class_A_betalactamases_CTX was removed because does not look like a gene, so removing its metadata
CTX.gi_614461914_gb_KJ020573.1_betalactams_Class_A_betalactamases_CTX was removed because does not look like a gene, so removing its metadata
CTX.gi_67462182_gb_AY750914.2_betalactams_Class_A_betalactamases_CTX was removed because does not look like a gene, so removing its metadata
CTX.gi_675278057_gb_KJ911020.1_betalactams_Class_A_betalactamases_CTX was removed because does not look like a gene, so removing its metadata
CTX.gi_68012687_gb_DQ061159.1_betalactams_Class_A_betalactamases_CTX was removed because does not look like a gene, so removing its metadata
CTX.gi_78057321_gb_DQ223685.1_betalactams_Class_A_betalactamases_CTX was removed because does not look like a gene, so removing its metadata
CTX.gi_81238144_gb_DQ256091.1_betalactams_Class_A_betalactamases_CTX was removed because does not look like a gene, so removing its metadata
DFRD.Tmt_U43152.1_gene1_Trimethoprim_Dihydrofolate_reductase_DFRD was removed because does not look like a gene, so removing its metadata
DFRE.CARD_phgb_AF028811_0_462_ARO_3002875_dfrE_Trimethoprim_Dihydrofolate_reductase_DFRE was removed because does not look like a gene, so removing its metadata
DHA.1913_unknown_id_unknown_name_betalactams_Class_C_betalactamases_DHA was removed because does not look like a gene, so removing its metadata
DHFR.1389_FN561628.1_FN561628_Trimethoprim_Dihydrofolate_reductase_DHFR_RequiresSNPConfirmation was removed because does not look like a gene, so removing its metadata
DHFR.986_AM237806.1_AM237806_Trimethoprim_Dihydrofolate_reductase_DHFR_RequiresSNPConfirmation was removed because does not look like a gene, so removing its metadata
DHFR.Tmt_AJ605332.1_gene1_Trimethoprim_Dihydrofolate_reductase_DHFR_RequiresSNPConfirmation was removed because does not look like a gene, so removing its metadata
EREA.MLS_AF099140.1_gene1_MLS_Macrolide_esterases_EREA was removed because does not look like a gene, so removing its metadata
ERMA.1390_EU348758.1_EU348758_MLS_23S_rRNA_methyltransferases_ERMA was removed because does not look like a gene, so removing its metadata
ERMB.MLS_ermB_7_AF368302_MLS_23S_rRNA_methyltransferases_ERMB was removed because does not look like a gene, so removing its metadata
ERMF.MLS_M62487.1_gene1_MLS_23S_rRNA_methyltransferases_ERMF was removed because does not look like a gene, so removing its metadata
ERMQ.MLS_L22689.1_gene1_MLS_23S_rRNA_methyltransferases_ERMQ was removed because does not look like a gene, so removing its metadata
ERMV.MLS_U59450.1_gene2_MLS_23S_rRNA_methyltransferases_ERMV was removed because does not look like a gene, so removing its metadata
FEXA.Phe_AJ549214.1_gene2_Phenicol_Phenicol_efflux_pumps_FEXA was removed because does not look like a gene, so removing its metadata
FOX.Bla_X77455.1_gene1_betalactams_Class_C_betalactamases_FOX was removed because does not look like a gene, so removing its metadata
FOX.gi_1841437_emb_Y11068.1_betalactams_Class_C_betalactamases_FOX was removed because does not look like a gene, so removing its metadata
FOX.gi_2739291_emb_Y10282.1_betalactams_Class_C_betalactamases_FOX was removed because does not look like a gene, so removing its metadata
FOX.gi_340937393_gb_JF896803.1_betalactams_Class_C_betalactamases_FOX was removed because does not look like a gene, so removing its metadata
GES.Bla_GES_23_1_KF179354_betalactams_Class_A_betalactamases_GES was removed because does not look like a gene, so removing its metadata
GES.gi_13310176_gb_AF329699.1_betalactams_Class_A_betalactamases_GES was removed because does not look like a gene, so removing its metadata
GES.gi_388891770_gb_JQ772478.1_betalactams_Class_A_betalactamases_GES was removed because does not look like a gene, so removing its metadata
GOB.Bla_GOB_2_AF189296_1_756_756_betalactams_Class_B_betalactamases_GOB was removed because does not look like a gene, so removing its metadata
GOB.Bla_GOB_3_AF189291_1_756_756_betalactams_Class_B_betalactamases_GOB was removed because does not look like a gene, so removing its metadata
GOB.Bla_GOB_4_AF189293_1_756_756_betalactams_Class_B_betalactamases_GOB was removed because does not look like a gene, so removing its metadata
GOB.Bla_GOB_5_AF189290_1_756_756_betalactams_Class_B_betalactamases_GOB was removed because does not look like a gene, so removing its metadata
GOB.Bla_GOB_6_AF189292_1_756_756_betalactams_Class_B_betalactamases_GOB was removed because does not look like a gene, so removing its metadata
GOB.Bla_GOB_7_AF189297_1_756_756_betalactams_Class_B_betalactamases_GOB was removed because does not look like a gene, so removing its metadata
GYRB.CARD_pvgb_NC_011374_104283_106236_ARO_3003305_Ureaplasma_Fluoroquinolones_Fluoroquinolone_resistant_DNA_topoisomerases_GYRB_RequiresSNPConfirmation was removed because does not look like a gene, so removing its metadata
IMP.Bla_AJ223604.1_gene3_betalactams_Class_B_betalactamases_IMP was removed because does not look like a gene, so removing its metadata
IMP.Bla_AJ420864.1_gene1_betalactams_Class_B_betalactamases_IMP was removed because does not look like a gene, so removing its metadata
IMP.Bla_AJ550807.1_gene4_betalactams_Class_B_betalactamases_IMP was removed because does not look like a gene, so removing its metadata
IMP.Bla_AJ584652.2_gene3_betalactams_Class_B_betalactamases_IMP was removed because does not look like a gene, so removing its metadata
IMP.gi_17026019_dbj_AB074433.1_betalactams_Class_B_betalactamases_IMP was removed because does not look like a gene, so removing its metadata
IMP.gi_17026025_dbj_AB074436.1_betalactams_Class_B_betalactamases_IMP was removed because does not look like a gene, so removing its metadata
IMP.gi_403309640_gb_JQ002629.1_betalactams_Class_B_betalactamases_IMP was removed because does not look like a gene, so removing its metadata
IMP.gi_62736339_gb_AY553332.1_betalactams_Class_B_betalactamases_IMP was removed because does not look like a gene, so removing its metadata
IND.gi_270266459_gb_GU186044.1_betalactams_Class_B_betalactamases_IND was removed because does not look like a gene, so removing its metadata
IND.gi_270266461_gb_GU186045.1_betalactams_Class_B_betalactamases_IND was removed because does not look like a gene, so removing its metadata
IND.gi_281021928_gb_GU206353.1_betalactams_Class_B_betalactamases_IND was removed because does not look like a gene, so removing its metadata
IND.gi_300510839_gb_HM245379.1_betalactams_Class_B_betalactamases_IND was removed because does not look like a gene, so removing its metadata
IND.gi_300510841_gb_HM245380.1_betalactams_Class_B_betalactamases_IND was removed because does not look like a gene, so removing its metadata
IND.gi_300510843_gb_HM245381.1_betalactams_Class_B_betalactamases_IND was removed because does not look like a gene, so removing its metadata
IND.gi_300863226_gb_HM367709.1_betalactams_Class_B_betalactamases_IND was removed because does not look like a gene, so removing its metadata
IND.gi_302357573_dbj_AB563173.1_betalactams_Class_B_betalactamases_IND was removed because does not look like a gene, so removing its metadata
KPC.Bla_KPC_4_1_AY700571_betalactams_Class_A_betalactamases_KPC was removed because does not look like a gene, so removing its metadata
KPC.Bla_KPC_9_FJ624872_1_854_854_betalactams_Class_A_betalactamases_KPC was removed because does not look like a gene, so removing its metadata
KPC.CARD_phgb_AY700571_0_879_ARO_3002314_KPC_4_betalactams_Class_A_betalactamases_KPC was removed because does not look like a gene, so removing its metadata
KPC.CARD_phgb_FJ624872_0_851_ARO_3002319_KPC_9_betalactams_Class_A_betalactamases_KPC was removed because does not look like a gene, so removing its metadata
KPC.gi_14626419_gb_AY034847.1_betalactams_Class_A_betalactamases_KPC was removed because does not look like a gene, so removing its metadata
KPC.gi_15705412_gb_AF395881.1_betalactams_Class_A_betalactamases_KPC was removed because does not look like a gene, so removing its metadata
KPC.gi_870898370_gb_KT001101.1_Kpneumoniae39915_carbapenemaseKPCtype2_blaKPC_2_1_betalactams_Class_A_betalactamases_KPC was removed because does not look like a gene, so removing its metadata
LEN.Bla_AY037780.1_gene1_betalactams_Class_A_betalactamases_LEN was removed because does not look like a gene, so removing its metadata
LEN.Bla_LEN4_1_AY130287_betalactams_Class_A_betalactamases_LEN was removed because does not look like a gene, so removing its metadata
LEN.Bla_LEN_10_AJ635419_1_789_789_betalactams_Class_A_betalactamases_LEN was removed because does not look like a gene, so removing its metadata
LEN.Bla_LEN_11_AJ635417_1_789_789_betalactams_Class_A_betalactamases_LEN was removed because does not look like a gene, so removing its metadata
LEN.Bla_LEN_12_AJ635406_1_789_789_betalactams_Class_A_betalactamases_LEN was removed because does not look like a gene, so removing its metadata
LEN.Bla_LEN_13_AJ635403_1_789_789_betalactams_Class_A_betalactamases_LEN was removed because does not look like a gene, so removing its metadata
LEN.Bla_LEN_14_AY265889_1_861_861_betalactams_Class_A_betalactamases_LEN was removed because does not look like a gene, so removing its metadata
LEN.Bla_LEN_24_AM850914_1_861_861_betalactams_Class_A_betalactamases_LEN was removed because does not look like a gene, so removing its metadata
LEN.Bla_LEN_3_1_AY130286_betalactams_Class_A_betalactamases_LEN was removed because does not look like a gene, so removing its metadata
LEN.Bla_LEN_3_AY130286_1_823_823_betalactams_Class_A_betalactamases_LEN was removed because does not look like a gene, so removing its metadata
LEN.Bla_LEN_4_AY130287_1_823_823_betalactams_Class_A_betalactamases_LEN was removed because does not look like a gene, so removing its metadata
LEN.Bla_LEN_6_AY265890_1_472_472_betalactams_Class_A_betalactamases_LEN was removed because does not look like a gene, so removing its metadata
LEN.Bla_LEN_7_AJ635425_1_789_789_betalactams_Class_A_betalactamases_LEN was removed because does not look like a gene, so removing its metadata
LEN.Bla_LEN_8_AJ635424_1_789_789_betalactams_Class_A_betalactamases_LEN was removed because does not look like a gene, so removing its metadata
LEN.Bla_LEN_9_1_AJ635405_betalactams_Class_A_betalactamases_LEN was removed because does not look like a gene, so removing its metadata
LEN.Bla_LEN_9_AJ635423_1_789_789_betalactams_Class_A_betalactamases_LEN was removed because does not look like a gene, so removing its metadata
LEN.CARD_phgb_AY265889_0_458_ARO_3002477_LEN_14_betalactams_Class_A_betalactamases_LEN was removed because does not look like a gene, so removing its metadata
MEPA.Mdr_AY661734.1_gene2_Multi_drug_resistance_Multi_drug_efflux_pumps_MEPA was removed because does not look like a gene, so removing its metadata
MIR.Bla_MIR_4_EF587233_1_1101_1101_betalactams_Class_C_betalactamases_MIR was removed because does not look like a gene, so removing its metadata
MIR.gi_158713821_gb_EF417572.2_betalactams_Class_C_betalactamases_MIR was removed because does not look like a gene, so removing its metadata
MIR.gi_53854917_gb_AY743435.1_betalactams_Class_C_betalactamases_MIR was removed because does not look like a gene, so removing its metadata
MOX.gi_11761377_dbj_D13304.2_KPNPRMOX1_betalactams_Class_C_betalactamases_MOX was removed because does not look like a gene, so removing its metadata
MSBA.38_DQ516970.1_DQ516970_Multi_drug_resistance_Multi_drug_efflux_pumps_MSBA was removed because does not look like a gene, so removing its metadata
MSBA.63_DQ516954.1_DQ516954_Multi_drug_resistance_Multi_drug_efflux_pumps_MSBA was removed because does not look like a gene, so removing its metadata
MSRC.1021_AJ243209.1_AJ243209_MLS_Macrolide_resistance_efflux_pumps_MSRC was removed because does not look like a gene, so removing its metadata
NDM.gi_347984504_gb_JF826285.1_Kpneumoniae_CDC1000529_NewDelhi_ndm_1_1_betalactams_Class_B_betalactamases_NDM was removed because does not look like a gene, so removing its metadata
NIMA.Met_nimH_1_FJ969397_Metronidazole_nim_nitroimidazole_reductase_NIMA was removed because does not look like a gene, so removing its metadata
NIME.Met_nimE_1_AJ244018_Metronidazole_nim_nitroimidazole_reductase_NIME was removed because does not look like a gene, so removing its metadata
NIME.Met_nimE_1_AM042593_Metronidazole_nim_nitroimidazole_reductase_NIME was removed because does not look like a gene, so removing its metadata
NIMI.Met_NimI_1_FJ940886_Metronidazole_nim_nitroimidazole_reductase_NIMI was removed because does not look like a gene, so removing its metadata
NIMI.Met_nimI_1_FJ940883_Metronidazole_nim_nitroimidazole_reductase_NIMI was removed because does not look like a gene, so removing its metadata
NIMI.Met_nimI_1_FJ940884_Metronidazole_nim_nitroimidazole_reductase_NIMI was removed because does not look like a gene, so removing its metadata
NIMI.Met_nimI_1_FJ940887_Metronidazole_nim_nitroimidazole_reductase_NIMI was removed because does not look like a gene, so removing its metadata
NIMI.Met_nimI_1_FJ940889_Metronidazole_nim_nitroimidazole_reductase_NIMI was removed because does not look like a gene, so removing its metadata
OKP.Bla_OKP_B_12_AJ635420_1_861_861_betalactams_Class_A_betalactamases_OKP was removed because does not look like a gene, so removing its metadata
OKP.Bla_OKP_B_14_1_DQ995288_betalactams_Class_A_betalactamases_OKP was removed because does not look like a gene, so removing its metadata
OQXB.Mdr_oqxB_1_EU370913_Multi_drug_resistance_Multi_drug_efflux_pumps_OQXB was removed because does not look like a gene, so removing its metadata
OXA.1387_HM755942.1_HM755942_betalactams_Class_D_betalactamases_OXA was removed because does not look like a gene, so removing its metadata
OXA.552_EU503121.1_EU503121_betalactams_Class_D_betalactamases_OXA was removed because does not look like a gene, so removing its metadata
OXA.Bla_EU086830.1_gene1_betalactams_Class_D_betalactamases_OXA was removed because does not look like a gene, so removing its metadata
OXA.Bla_EU086834.1_gene1_betalactams_Class_D_betalactamases_OXA was removed because does not look like a gene, so removing its metadata
OXA.Bla_L07945.1_gene1_betalactams_Class_D_betalactamases_OXA was removed because does not look like a gene, so removing its metadata
OXA.Bla_NC_010481.6155789_betalactams_Class_D_betalactamases_OXA was removed because does not look like a gene, so removing its metadata
OXA.Bla_OXA_194_HQ425492_1_822_822_betalactams_Class_D_betalactamases_OXA was removed because does not look like a gene, so removing its metadata
OXA.Bla_OXA_195_HQ425493_1_822_822_betalactams_Class_D_betalactamases_OXA was removed because does not look like a gene, so removing its metadata
OXA.Bla_OXA_34_AF350424_1_771_771_betalactams_Class_D_betalactamases_OXA was removed because does not look like a gene, so removing its metadata
OXA.Bla_OXA_36_AF300985_1_739_739_betalactams_Class_D_betalactamases_OXA was removed because does not look like a gene, so removing its metadata
OXA.Bla_OXA_56_1_EF437948_betalactams_Class_D_betalactamases_OXA was removed because does not look like a gene, so removing its metadata
OXA.Bla_OxA_116_EU220744_1_786_786_betalactams_Class_D_betalactamases_OXA was removed because does not look like a gene, so removing its metadata
OXA.gi_10946528_gb_AY008291.1_betalactams_Class_D_betalactamases_OXA was removed because does not look like a gene, so removing its metadata
OXA.gi_11493691_gb_AF201826.1_betalactams_Class_D_betalactamases_OXA was removed because does not look like a gene, so removing its metadata
OXA.gi_11493693_gb_AF201827.1_betalactams_Class_D_betalactamases_OXA was removed because does not look like a gene, so removing its metadata
OXA.gi_12060144_gb_AF201828.2_betalactams_Class_D_betalactamases_OXA was removed because does not look like a gene, so removing its metadata
OXA.gi_146261808_gb_EF552405.1_betalactams_Class_D_betalactamases_OXA was removed because does not look like a gene, so removing its metadata
OXA.gi_147886440_gb_EF581285.1_betalactams_Class_D_betalactamases_OXA was removed because does not look like a gene, so removing its metadata
OXA.gi_1488048_gb_U63835.1_PAU63835_betalactams_Class_D_betalactamases_OXA was removed because does not look like a gene, so removing its metadata
OXA.gi_157497430_gb_EF534256.2_betalactams_Class_D_betalactamases_OXA was removed because does not look like a gene, so removing its metadata
OXA.gi_158634575_gb_EU086830.1_betalactams_Class_D_betalactamases_OXA was removed because does not look like a gene, so removing its metadata
OXA.gi_158634583_gb_EU086834.1_betalactams_Class_D_betalactamases_OXA was removed because does not look like a gene, so removing its metadata
OXA.gi_159160000_gb_EU220745.1_betalactams_Class_D_betalactamases_OXA was removed because does not look like a gene, so removing its metadata
OXA.gi_208431881_gb_FJ194494.1_betalactams_Class_D_betalactamases_OXA was removed because does not look like a gene, so removing its metadata
OXA.gi_329745040_gb_HQ425494.1_betalactams_Class_D_betalactamases_OXA was removed because does not look like a gene, so removing its metadata
OXA.gi_329745042_gb_HQ425495.1_betalactams_Class_D_betalactamases_OXA was removed because does not look like a gene, so removing its metadata
OXA.gi_392295711_gb_JQ422053.1_betalactams_Class_D_betalactamases_OXA was removed because does not look like a gene, so removing its metadata
OXA.gi_392295713_gb_JQ422054.1_betalactams_Class_D_betalactamases_OXA was removed because does not look like a gene, so removing its metadata
OXA.gi_56684452_gb_AY762325.1_betalactams_Class_D_betalactamases_OXA was removed because does not look like a gene, so removing its metadata
OXA.gi_591389141_gb_KF986253.1_betalactams_Class_D_betalactamases_OXA was removed because does not look like a gene, so removing its metadata
OXA.gi_591389143_gb_KF986254.1_betalactams_Class_D_betalactamases_OXA was removed because does not look like a gene, so removing its metadata
OXA.gi_591389145_gb_KF986255.1_betalactams_Class_D_betalactamases_OXA was removed because does not look like a gene, so removing its metadata
OXA.gi_591389147_gb_KF986256.1_betalactams_Class_D_betalactamases_OXA was removed because does not look like a gene, so removing its metadata
OXA.gi_591389149_gb_KF986257.1_betalactams_Class_D_betalactamases_OXA was removed because does not look like a gene, so removing its metadata
OXA.gi_591389151_gb_KF986258.1_betalactams_Class_D_betalactamases_OXA was removed because does not look like a gene, so removing its metadata
OXA.gi_591389153_gb_KF986259.1_betalactams_Class_D_betalactamases_OXA was removed because does not look like a gene, so removing its metadata
OXA.gi_591389155_gb_KF986260.1_betalactams_Class_D_betalactamases_OXA was removed because does not look like a gene, so removing its metadata
OXA.gi_591389157_gb_KF986261.1_betalactams_Class_D_betalactamases_OXA was removed because does not look like a gene, so removing its metadata
OXA.gi_591389159_gb_KF986262.1_betalactams_Class_D_betalactamases_OXA was removed because does not look like a gene, so removing its metadata
OXA.gi_591389161_gb_KF986263.1_betalactams_Class_D_betalactamases_OXA was removed because does not look like a gene, so removing its metadata
OXA.gi_591389163_gb_KJ135342.1_betalactams_Class_D_betalactamases_OXA was removed because does not look like a gene, so removing its metadata
OXA.gi_591389165_gb_KJ135343.1_betalactams_Class_D_betalactamases_OXA was removed because does not look like a gene, so removing its metadata
OXA.gi_591389167_gb_KJ135344.1_betalactams_Class_D_betalactamases_OXA was removed because does not look like a gene, so removing its metadata
OXA.gi_591389169_gb_KJ135345.1_betalactams_Class_D_betalactamases_OXA was removed because does not look like a gene, so removing its metadata
OXA.gi_591389171_gb_KJ135346.1_betalactams_Class_D_betalactamases_OXA was removed because does not look like a gene, so removing its metadata
OXA.gi_751813255_gb_KM979376.1_betalactams_Class_D_betalactamases_OXA was removed because does not look like a gene, so removing its metadata
OXA.gi_751813257_gb_KM979377.1_betalactams_Class_D_betalactamases_OXA was removed because does not look like a gene, so removing its metadata
OXA.gi_751813259_gb_KM979378.1_betalactams_Class_D_betalactamases_OXA was removed because does not look like a gene, so removing its metadata
OXA.gi_751813261_gb_KM979379.1_betalactams_Class_D_betalactamases_OXA was removed because does not look like a gene, so removing its metadata
OXA.gi_751813263_gb_KM979380.1_betalactams_Class_D_betalactamases_OXA was removed because does not look like a gene, so removing its metadata
OXA.gi_784887_gb_L07945.1_PSEBLAOXA3_betalactams_Class_D_betalactamases_OXA was removed because does not look like a gene, so removing its metadata
OXA.gi_817490718_gb_KP264123.1_betalactams_Class_D_betalactamases_OXA was removed because does not look like a gene, so removing its metadata
OXA.gi_817490722_gb_KP264125.1_betalactams_Class_D_betalactamases_OXA was removed because does not look like a gene, so removing its metadata
OXA.gi_88697140_gb_DQ392963.1_betalactams_Class_D_betalactamases_OXA was removed because does not look like a gene, so removing its metadata
OXA.gi_94960148_gb_DQ519087.1_betalactams_Class_D_betalactamases_OXA was removed because does not look like a gene, so removing its metadata
OXA.gi_94960150_gb_DQ519088.1_betalactams_Class_D_betalactamases_OXA was removed because does not look like a gene, so removing its metadata
OXA.gi_94960152_gb_DQ519089.1_betalactams_Class_D_betalactamases_OXA was removed because does not look like a gene, so removing its metadata
OXA.gi_94960154_gb_DQ519090.1_betalactams_Class_D_betalactamases_OXA was removed because does not look like a gene, so removing its metadata
OXY.Bla_AF491278.1_gene1_betalactams_Class_A_betalactamases_OXY was removed because does not look like a gene, so removing its metadata
OXY.Bla_AY077481.1_gene1_betalactams_Class_A_betalactamases_OXY was removed because does not look like a gene, so removing its metadata
OXY.Bla_AY077483.1_gene1_betalactams_Class_A_betalactamases_OXY was removed because does not look like a gene, so removing its metadata
OXY.Bla_AY077485.2_gene1_betalactams_Class_A_betalactamases_OXY was removed because does not look like a gene, so removing its metadata
OXY.Bla_AY077486.1_gene1_betalactams_Class_A_betalactamases_OXY was removed because does not look like a gene, so removing its metadata
OXY.Bla_AY077487.2_gene1_betalactams_Class_A_betalactamases_OXY was removed because does not look like a gene, so removing its metadata
OXY.Bla_AY077488.2_gene1_betalactams_Class_A_betalactamases_OXY was removed because does not look like a gene, so removing its metadata
OXY.Bla_FJ785625.1_gene1_betalactams_Class_A_betalactamases_OXY was removed because does not look like a gene, so removing its metadata
OXY.Bla_FJ785626.1_gene1_betalactams_Class_A_betalactamases_OXY was removed because does not look like a gene, so removing its metadata
OXY.Bla_OXY_1_5_5_AY077486_betalactams_Class_A_betalactamases_OXY was removed because does not look like a gene, so removing its metadata
OXY.Bla_Y17715.1_gene1_betalactams_Class_A_betalactamases_OXY was removed because does not look like a gene, so removing its metadata
PBP2.1058_unknown_id_unknown_name_betalactams_Penicillin_binding_protein_PBP2 was removed because does not look like a gene, so removing its metadata
PER.Bla_PER_5_FJ627180_1_927_927_betalactams_Class_A_betalactamases_PER was removed because does not look like a gene, so removing its metadata
POM.1373_GU002295.1_GU002295_betalactams_Class_B_betalactamases_POM was removed because does not look like a gene, so removing its metadata
QNRB.Flq_QnrB40_JN166689_1_660_660_Fluoroquinolones_Quinolone_resistance_protein_Qnr_QNRB was removed because does not look like a gene, so removing its metadata
QNRB.Flq_QnrB41_JN166690_1_681_681_Fluoroquinolones_Quinolone_resistance_protein_Qnr_QNRB was removed because does not look like a gene, so removing its metadata
QNRB.Flq_QnrB43_JQ349151_1_680_680_Fluoroquinolones_Quinolone_resistance_protein_Qnr_QNRB was removed because does not look like a gene, so removing its metadata
QNRB.Flq_QnrB44_JQ349153_1_680_680_Fluoroquinolones_Quinolone_resistance_protein_Qnr_QNRB was removed because does not look like a gene, so removing its metadata
QNRB.Flq_QnrB45_JQ349152_1_680_680_Fluoroquinolones_Quinolone_resistance_protein_Qnr_QNRB was removed because does not look like a gene, so removing its metadata
QNRB.Flq_QnrB46_JQ349154_1_680_680_Fluoroquinolones_Quinolone_resistance_protein_Qnr_QNRB was removed because does not look like a gene, so removing its metadata
QNRB.Flq_QnrB47_JQ349155_1_680_680_Fluoroquinolones_Quinolone_resistance_protein_Qnr_QNRB was removed because does not look like a gene, so removing its metadata
QNRS.Flq_QnrS3_EU077611_1_657_657_Fluoroquinolones_Quinolone_resistance_protein_Qnr_QNRS was removed because does not look like a gene, so removing its metadata
RMTB.AGly_NC_010558.1.6275958_Aminoglycosides_16S_rRNA_methyltransferases_RMTB was removed because does not look like a gene, so removing its metadata
RMTB.CARD_phgb_FJ483516.1_0_252_ARO_3000860_rmtB_Aminoglycosides_16S_rRNA_methyltransferases_RMTB was removed because does not look like a gene, so removing its metadata
SHV.Bla_AJ920369.1_gene1_betalactams_Class_A_betalactamases_SHV was removed because does not look like a gene, so removing its metadata
SHV.Bla_AY590467.1_gene1_betalactams_Class_A_betalactamases_SHV was removed because does not look like a gene, so removing its metadata
SHV.Bla_EU477409.1_gene1_betalactams_Class_A_betalactamases_SHV was removed because does not look like a gene, so removing its metadata
SHV.Bla_SHV_122_GQ290211_1_515_515_betalactams_Class_A_betalactamases_SHV was removed because does not look like a gene, so removing its metadata
SHV.Bla_SHV_147_JX121114_1_858_858_betalactams_Class_A_betalactamases_SHV was removed because does not look like a gene, so removing its metadata
SHV.Bla_SHV_149_JX121116_1_858_858_betalactams_Class_A_betalactamases_SHV was removed because does not look like a gene, so removing its metadata
SHV.Bla_SHV_152_JX121119_1_858_858_betalactams_Class_A_betalactamases_SHV was removed because does not look like a gene, so removing its metadata
SHV.Bla_SHV_155_JX121122_1_858_858_betalactams_Class_A_betalactamases_SHV was removed because does not look like a gene, so removing its metadata
SHV.Bla_SHV_158_JX121125_1_858_858_betalactams_Class_A_betalactamases_SHV was removed because does not look like a gene, so removing its metadata
SHV.Bla_SHV_159_JX121126_1_858_858_betalactams_Class_A_betalactamases_SHV was removed because does not look like a gene, so removing its metadata
SHV.Bla_SHV_162_JX121129_1_858_858_betalactams_Class_A_betalactamases_SHV was removed because does not look like a gene, so removing its metadata
SHV.Bla_SHV_165_JX121131_1_858_858_betalactams_Class_A_betalactamases_SHV was removed because does not look like a gene, so removing its metadata
SHV.Bla_SHV_167_AB733453_4_849_846_betalactams_Class_A_betalactamases_SHV was removed because does not look like a gene, so removing its metadata
SHV.Bla_SHV_45_HQ877612_1_715_715_betalactams_Class_A_betalactamases_SHV was removed because does not look like a gene, so removing its metadata
SHV.Bla_SHV_53_AY590467_1_729_729_betalactams_Class_A_betalactamases_SHV was removed because does not look like a gene, so removing its metadata
SHV.Bla_SHV_55_HQ877613_1_715_715_betalactams_Class_A_betalactamases_SHV was removed because does not look like a gene, so removing its metadata
SHV.Bla_SHV_62_AJ866285_1_832_832_betalactams_Class_A_betalactamases_SHV was removed because does not look like a gene, so removing its metadata
SHV.Bla_SHV_6_Y11069_1_780_780_betalactams_Class_A_betalactamases_SHV was removed because does not look like a gene, so removing its metadata
SHV.Bla_SHV_84_AM087453_26_856_831_betalactams_Class_A_betalactamases_SHV was removed because does not look like a gene, so removing its metadata
SHV.CARD_phgb_AF117743_0_780_ARO_3001077_SHV_19_betalactams_Class_A_betalactamases_SHV was removed because does not look like a gene, so removing its metadata
SHV.CARD_phgb_AF117744_0_780_ARO_3001078_SHV_20_betalactams_Class_A_betalactamases_SHV was removed because does not look like a gene, so removing its metadata
SHV.CARD_phgb_AF117745_0_780_ARO_3001079_SHV_21_betalactams_Class_A_betalactamases_SHV was removed because does not look like a gene, so removing its metadata
SHV.CARD_phgb_AF117746_0_780_ARO_3001080_SHV_22_betalactams_Class_A_betalactamases_SHV was removed because does not look like a gene, so removing its metadata
SHV.CARD_phgb_AF117747_0_780_ARO_3001081_SHV_23_betalactams_Class_A_betalactamases_SHV was removed because does not look like a gene, so removing its metadata
SHV.CARD_phgb_AM087453_25_856_ARO_3001138_SHV_84_betalactams_Class_A_betalactamases_SHV was removed because does not look like a gene, so removing its metadata
SHV.gi_14532426_gb_AY036620.1_betalactams_Class_A_betalactamases_SHV was removed because does not look like a gene, so removing its metadata
SHV.gi_15721850_gb_AY037778.1_betalactams_Class_A_betalactamases_SHV was removed because does not look like a gene, so removing its metadata
SHV.gi_160948434_emb_AM176547.2_betalactams_Class_A_betalactamases_SHV was removed because does not look like a gene, so removing its metadata
SHV.gi_160948436_emb_AM176548.2_betalactams_Class_A_betalactamases_SHV was removed because does not look like a gene, so removing its metadata
SHV.gi_160948438_emb_AM176549.2_betalactams_Class_A_betalactamases_SHV was removed because does not look like a gene, so removing its metadata
SHV.gi_160948440_emb_AM176550.2_betalactams_Class_A_betalactamases_SHV was removed because does not look like a gene, so removing its metadata
SHV.gi_160948442_emb_AM176551.2_betalactams_Class_A_betalactamases_SHV was removed because does not look like a gene, so removing its metadata
SHV.gi_160948448_emb_AM176552.2_betalactams_Class_A_betalactamases_SHV was removed because does not look like a gene, so removing its metadata
SHV.gi_160948450_emb_AM176553.2_betalactams_Class_A_betalactamases_SHV was removed because does not look like a gene, so removing its metadata
SHV.gi_160948452_emb_AM176554.2_betalactams_Class_A_betalactamases_SHV was removed because does not look like a gene, so removing its metadata
SHV.gi_160948456_emb_AM176556.2_betalactams_Class_A_betalactamases_SHV was removed because does not look like a gene, so removing its metadata
SHV.gi_160948460_emb_AM176558.2_betalactams_Class_A_betalactamases_SHV was removed because does not look like a gene, so removing its metadata
SHV.gi_164449661_gb_EU342351.1_betalactams_Class_A_betalactamases_SHV was removed because does not look like a gene, so removing its metadata
SHV.gi_17887486_gb_AY065991.1_betalactams_Class_A_betalactamases_SHV was removed because does not look like a gene, so removing its metadata
SHV.gi_206813968_gb_FJ194944.1_betalactams_Class_A_betalactamases_SHV was removed because does not look like a gene, so removing its metadata
SHV.gi_2113848_emb_X98102.1_betalactams_Class_A_betalactamases_SHV was removed because does not look like a gene, so removing its metadata
SHV.gi_2113850_emb_X98101.1_betalactams_Class_A_betalactamases_SHV was removed because does not look like a gene, so removing its metadata
SHV.gi_221149271_gb_EU418913.1_betalactams_Class_A_betalactamases_SHV was removed because does not look like a gene, so removing its metadata
SHV.gi_256862195_gb_GQ390805.1_betalactams_Class_A_betalactamases_SHV was removed because does not look like a gene, so removing its metadata
SHV.gi_256862197_gb_GQ390806.1_betalactams_Class_A_betalactamases_SHV was removed because does not look like a gene, so removing its metadata
SHV.gi_256862199_gb_GQ390807.1_betalactams_Class_A_betalactamases_SHV was removed because does not look like a gene, so removing its metadata
SHV.gi_256862201_gb_GQ390808.1_betalactams_Class_A_betalactamases_SHV was removed because does not look like a gene, so removing its metadata
SHV.gi_256862203_gb_GQ390809.1_betalactams_Class_A_betalactamases_SHV was removed because does not look like a gene, so removing its metadata
SHV.gi_257359514_gb_GQ428198.1_betalactams_Class_A_betalactamases_SHV was removed because does not look like a gene, so removing its metadata
SHV.gi_25989459_gb_AY079099.1_betalactams_Class_A_betalactamases_SHV was removed because does not look like a gene, so removing its metadata
SHV.gi_26278934_gb_AY150585.1_betalactams_Class_A_betalactamases_SHV was removed because does not look like a gene, so removing its metadata
SHV.gi_264665731_gb_GQ290211.1_betalactams_Class_A_betalactamases_SHV was removed because does not look like a gene, so removing its metadata
SHV.gi_28912444_gb_AY210887.1_betalactams_Class_A_betalactamases_SHV was removed because does not look like a gene, so removing its metadata
SHV.gi_291621298_dbj_AB551737.1_betalactams_Class_A_betalactamases_SHV was removed because does not look like a gene, so removing its metadata
SHV.gi_32442314_gb_AY259119.1_betalactams_Class_A_betalactamases_SHV was removed because does not look like a gene, so removing its metadata
SHV.gi_338173764_gb_HQ661362.1_betalactams_Class_A_betalactamases_SHV was removed because does not look like a gene, so removing its metadata
SHV.gi_338173766_gb_HQ661363.1_betalactams_Class_A_betalactamases_SHV was removed because does not look like a gene, so removing its metadata
SHV.gi_341575434_gb_JN051143.1_betalactams_Class_A_betalactamases_SHV was removed because does not look like a gene, so removing its metadata
SHV.gi_372864060_gb_JQ029959.1_betalactams_Class_A_betalactamases_SHV was removed because does not look like a gene, so removing its metadata
SHV.gi_393716100_dbj_AB733453.1_betalactams_Class_A_betalactamases_SHV was removed because does not look like a gene, so removing its metadata
SHV.gi_401871154_gb_JX121115.1_betalactams_Class_A_betalactamases_SHV was removed because does not look like a gene, so removing its metadata
SHV.gi_401871158_gb_JX121117.1_betalactams_Class_A_betalactamases_SHV was removed because does not look like a gene, so removing its metadata
SHV.gi_401871160_gb_JX121118.1_betalactams_Class_A_betalactamases_SHV was removed because does not look like a gene, so removing its metadata
SHV.gi_401871164_gb_JX121120.1_betalactams_Class_A_betalactamases_SHV was removed because does not look like a gene, so removing its metadata
SHV.gi_401871166_gb_JX121121.1_betalactams_Class_A_betalactamases_SHV was removed because does not look like a gene, so removing its metadata
SHV.gi_401871184_gb_JX121130.1_betalactams_Class_A_betalactamases_SHV was removed because does not look like a gene, so removing its metadata
SHV.gi_43935_emb_X55640.1_betalactams_Class_A_betalactamases_SHV was removed because does not look like a gene, so removing its metadata
SHV.gi_46452173_gb_AY528718.1_betalactams_Class_A_betalactamases_SHV was removed because does not look like a gene, so removing its metadata
SHV.gi_5002311_gb_AF148850.1_betalactams_Class_A_betalactamases_SHV was removed because does not look like a gene, so removing its metadata
SHV.gi_5002313_gb_AF148851.1_betalactams_Class_A_betalactamases_SHV was removed because does not look like a gene, so removing its metadata
SHV.gi_50347098_gb_AY661885.1_betalactams_Class_A_betalactamases_SHV was removed because does not look like a gene, so removing its metadata
SHV.gi_562889820_gb_KF585144.1_betalactams_Class_A_betalactamases_SHV was removed because does not look like a gene, so removing its metadata
SHV.gi_666914763_gb_KJ776406.1_betalactams_Class_A_betalactamases_SHV was removed because does not look like a gene, so removing its metadata
SHV.gi_684933_gb_U20270.1_ECU20270_betalactams_Class_A_betalactamases_SHV was removed because does not look like a gene, so removing its metadata
SHV.gi_74422850_gb_DQ174304.1_betalactams_Class_A_betalactamases_SHV was removed because does not look like a gene, so removing its metadata
SHV.gi_74422852_gb_DQ174305.1_betalactams_Class_A_betalactamases_SHV was removed because does not look like a gene, so removing its metadata
SHV.gi_74422854_gb_DQ174306.1_betalactams_Class_A_betalactamases_SHV was removed because does not look like a gene, so removing its metadata
SHV.gi_74422856_gb_DQ174307.1_betalactams_Class_A_betalactamases_SHV was removed because does not look like a gene, so removing its metadata
SHV.gi_74422858_gb_DQ174308.1_betalactams_Class_A_betalactamases_SHV was removed because does not look like a gene, so removing its metadata
SHV.gi_7595230_gb_AF132290.1_betalactams_Class_A_betalactamases_SHV was removed because does not look like a gene, so removing its metadata
SHV.gi_84105058_gb_DQ322460.1_betalactams_Class_A_betalactamases_SHV was removed because does not look like a gene, so removing its metadata
SHV.gi_90855321_emb_AJ920369.1_betalactams_Class_A_betalactamases_SHV was removed because does not look like a gene, so removing its metadata
SME.gi_46403068_gb_AY584237.1_betalactams_Class_A_betalactamases_SME was removed because does not look like a gene, so removing its metadata
SME.gi_472863_emb_Z28968.1_betalactams_Class_A_betalactamases_SME was removed because does not look like a gene, so removing its metadata
SULI.Sul_AJ310778.1_gene13_Sulfonamides_Sulfonamide_resistant_dihydropteroate_synthases_SULI was removed because does not look like a gene, so removing its metadata
SULI.Sul_AY758206.1_gene7_Sulfonamides_Sulfonamide_resistant_dihydropteroate_synthases_SULI was removed because does not look like a gene, so removing its metadata
TEM.Bla_AJ437107.1_gene1_betalactams_Class_A_betalactamases_TEM was removed because does not look like a gene, so removing its metadata
TEM.Bla_AM849805.1_gene1_betalactams_Class_A_betalactamases_TEM was removed because does not look like a gene, so removing its metadata
TEM.Bla_EF468463.1_gene1_betalactams_Class_A_betalactamases_TEM was removed because does not look like a gene, so removing its metadata
TEM.Bla_FJ919776.1_gene1_betalactams_Class_A_betalactamases_TEM was removed because does not look like a gene, so removing its metadata
TEM.Bla_JX042489.1_gene1_betalactams_Class_A_betalactamases_TEM was removed because does not look like a gene, so removing its metadata
TEM.Bla_KC292503.1_gene5_betalactams_Class_A_betalactamases_TEM was removed because does not look like a gene, so removing its metadata
TEM.Bla_NC_010558.1.6276043_betalactams_Class_A_betalactamases_TEM was removed because does not look like a gene, so removing its metadata
TEM.Bla_TEM_102_AY029354_3_833_831_betalactams_Class_A_betalactamases_TEM was removed because does not look like a gene, so removing its metadata
TEM.Bla_TEM_10_U09188_198_1005_858_betalactams_Class_A_betalactamases_TEM was removed because does not look like a gene, so removing its metadata
TEM.Bla_TEM_110_AY130283_1_785_785_betalactams_Class_A_betalactamases_TEM was removed because does not look like a gene, so removing its metadata
TEM.Bla_TEM_117_AY130282_1_764_764_betalactams_Class_A_betalactamases_TEM was removed because does not look like a gene, so removing its metadata
TEM.Bla_TEM_118_AY130285_1_785_785_betalactams_Class_A_betalactamases_TEM was removed because does not look like a gene, so removing its metadata
TEM.Bla_TEM_169_FJ873740_1_858_858_betalactams_Class_A_betalactamases_TEM was removed because does not look like a gene, so removing its metadata
TEM.Bla_TEM_191_JF949916_1_757_757_betalactams_Class_A_betalactamases_TEM was removed because does not look like a gene, so removing its metadata
TEM.Bla_TEM_205_1_KC900516_betalactams_Class_A_betalactamases_TEM was removed because does not look like a gene, so removing its metadata
TEM.Bla_TEM_21_1_Y17582_betalactams_Class_A_betalactamases_TEM was removed because does not look like a gene, so removing its metadata
TEM.Bla_TEM_22_Y17583_214_1071_861_betalactams_Class_A_betalactamases_TEM was removed because does not look like a gene, so removing its metadata
TEM.Bla_TEM_26B_L19940_198_1006_861_betalactams_Class_A_betalactamases_TEM was removed because does not look like a gene, so removing its metadata
TEM.Bla_TEM_42_X98047_1_844_844_betalactams_Class_A_betalactamases_TEM was removed because does not look like a gene, so removing its metadata
TEM.Bla_TEM_59_AF062386_31_862_832_betalactams_Class_A_betalactamases_TEM was removed because does not look like a gene, so removing its metadata
TEM.Bla_TEM_7_AF527798_1_785_785_betalactams_Class_A_betalactamases_TEM was removed because does not look like a gene, so removing its metadata
TEM.Bla_TEM_89_AY039040_189_1022_861_betalactams_Class_A_betalactamases_TEM was removed because does not look like a gene, so removing its metadata
TEM.Bla_Y17581.1_gene1_betalactams_Class_A_betalactamases_TEM was removed because does not look like a gene, so removing its metadata
TEM.Bla_Y17584.1_gene1_betalactams_Class_A_betalactamases_TEM was removed because does not look like a gene, so removing its metadata
TEM.gi_1045658_gb_U37195.1_ECU37195_betalactams_Class_A_betalactamases_TEM was removed because does not look like a gene, so removing its metadata
TEM.gi_110610032_gb_DQ679961.1_betalactams_Class_A_betalactamases_TEM was removed because does not look like a gene, so removing its metadata
TEM.gi_114386381_gb_DQ834728.1_betalactams_Class_A_betalactamases_TEM was removed because does not look like a gene, so removing its metadata
TEM.gi_114386383_gb_DQ834729.1_betalactams_Class_A_betalactamases_TEM was removed because does not look like a gene, so removing its metadata
TEM.gi_13236847_gb_AY027590.1_betalactams_Class_A_betalactamases_TEM was removed because does not look like a gene, so removing its metadata
TEM.gi_13272527_gb_AF332513.1_betalactams_Class_A_betalactamases_TEM was removed because does not look like a gene, so removing its metadata
TEM.gi_134154076_gb_EF468463.1_betalactams_Class_A_betalactamases_TEM was removed because does not look like a gene, so removing its metadata
TEM.gi_13562034_gb_AF351241.1_betalactams_Class_A_betalactamases_TEM was removed because does not look like a gene, so removing its metadata
TEM.gi_145975406_gb_EF534736.1_betalactams_Class_A_betalactamases_TEM was removed because does not look like a gene, so removing its metadata
TEM.gi_14700043_gb_AY039040.1_betalactams_Class_A_betalactamases_TEM was removed because does not look like a gene, so removing its metadata
TEM.gi_149167_gb_M88143.1_KPNBETALAC_betalactams_Class_A_betalactamases_TEM was removed because does not look like a gene, so removing its metadata
TEM.gi_1524022_emb_X95401.1_betalactams_Class_A_betalactamases_TEM was removed because does not look like a gene, so removing its metadata
TEM.gi_15485218_emb_AJ308558.1_betalactams_Class_A_betalactamases_TEM was removed because does not look like a gene, so removing its metadata
TEM.gi_15624078_gb_AF203816.1_betalactams_Class_A_betalactamases_TEM was removed because does not look like a gene, so removing its metadata
TEM.gi_157676817_emb_AM087454.1_betalactams_Class_A_betalactamases_TEM was removed because does not look like a gene, so removing its metadata
TEM.gi_161016656_emb_AM849805.1_betalactams_Class_A_betalactamases_TEM was removed because does not look like a gene, so removing its metadata
TEM.gi_161367441_gb_EU274580.1_betalactams_Class_A_betalactamases_TEM was removed because does not look like a gene, so removing its metadata
TEM.gi_166157193_emb_AM183304.1_betalactams_Class_A_betalactamases_TEM was removed because does not look like a gene, so removing its metadata
TEM.gi_16798369_gb_AF427127.1_betalactams_Class_A_betalactamases_TEM was removed because does not look like a gene, so removing its metadata
TEM.gi_16798371_gb_AF427128.1_betalactams_Class_A_betalactamases_TEM was removed because does not look like a gene, so removing its metadata
TEM.gi_16798373_gb_AF427129.1_betalactams_Class_A_betalactamases_TEM was removed because does not look like a gene, so removing its metadata
TEM.gi_16798375_gb_AF427130.1_betalactams_Class_A_betalactamases_TEM was removed because does not look like a gene, so removing its metadata
TEM.gi_20198332_gb_AF347054.1_betalactams_Class_A_betalactamases_TEM was removed because does not look like a gene, so removing its metadata
TEM.gi_20805893_gb_AF506748.1_betalactams_Class_A_betalactamases_TEM was removed because does not look like a gene, so removing its metadata
TEM.gi_209974341_gb_FJ360884.1_betalactams_Class_A_betalactamases_TEM was removed because does not look like a gene, so removing its metadata
TEM.gi_21464484_gb_AY101578.1_betalactams_Class_A_betalactamases_TEM was removed because does not look like a gene, so removing its metadata
TEM.gi_21464495_gb_AY101764.1_betalactams_Class_A_betalactamases_TEM was removed because does not look like a gene, so removing its metadata
TEM.gi_21541782_gb_AF516719.1_betalactams_Class_A_betalactamases_TEM was removed because does not look like a gene, so removing its metadata
TEM.gi_21541784_gb_AF516720.1_betalactams_Class_A_betalactamases_TEM was removed because does not look like a gene, so removing its metadata
TEM.gi_21998650_emb_X54606.1_betalactams_Class_A_betalactamases_TEM was removed because does not look like a gene, so removing its metadata
TEM.gi_223006550_emb_AM941159.1_betalactams_Class_A_betalactamases_TEM was removed because does not look like a gene, so removing its metadata
TEM.gi_22725666_gb_AF535127.1_betalactams_Class_A_betalactamases_TEM was removed because does not look like a gene, so removing its metadata
TEM.gi_23505685_gb_AY130284.1_betalactams_Class_A_betalactamases_TEM was removed because does not look like a gene, so removing its metadata
TEM.gi_237846382_gb_FJ919776.1_betalactams_Class_A_betalactamases_TEM was removed because does not look like a gene, so removing its metadata
TEM.gi_25900616_emb_AJ437107.1_betalactams_Class_A_betalactamases_TEM was removed because does not look like a gene, so removing its metadata
TEM.gi_2648042_emb_X97254.1_betalactams_Class_A_betalactamases_TEM was removed because does not look like a gene, so removing its metadata
TEM.gi_284468331_gb_GU550123.1_betalactams_Class_A_betalactamases_TEM was removed because does not look like a gene, so removing its metadata
TEM.gi_29650763_gb_AY243512.1_betalactams_Class_A_betalactamases_TEM was removed because does not look like a gene, so removing its metadata
TEM.gi_296951_emb_X65252.1_betalactams_Class_A_betalactamases_TEM was removed because does not look like a gene, so removing its metadata
TEM.gi_296953_emb_X65253.1_betalactams_Class_A_betalactamases_TEM was removed because does not look like a gene, so removing its metadata
TEM.gi_296955_emb_X65254.1_betalactams_Class_A_betalactamases_TEM was removed because does not look like a gene, so removing its metadata
TEM.gi_2970344_gb_AF047171.1_betalactams_Class_A_betalactamases_TEM was removed because does not look like a gene, so removing its metadata
TEM.gi_305657912_gb_HM246246.1_betalactams_Class_A_betalactamases_TEM was removed because does not look like a gene, so removing its metadata
TEM.gi_313586334_gb_HQ529916.1_betalactams_Class_A_betalactamases_TEM was removed because does not look like a gene, so removing its metadata
TEM.gi_3282023_emb_Y17581.1_betalactams_Class_A_betalactamases_TEM was removed because does not look like a gene, so removing its metadata
TEM.gi_3282027_emb_Y17583.1_betalactams_Class_A_betalactamases_TEM was removed because does not look like a gene, so removing its metadata
TEM.gi_342219561_gb_JN211012.1_betalactams_Class_A_betalactamases_TEM was removed because does not look like a gene, so removing its metadata
TEM.gi_351735908_gb_JF949915.1_betalactams_Class_A_betalactamases_TEM was removed because does not look like a gene, so removing its metadata
TEM.gi_358009200_gb_JN227084.1_betalactams_Class_A_betalactamases_TEM was removed because does not look like a gene, so removing its metadata
TEM.gi_379056275_dbj_AB700703.1_betalactams_Class_A_betalactamases_TEM was removed because does not look like a gene, so removing its metadata
TEM.gi_38098484_gb_AY436361.1_betalactams_Class_A_betalactamases_TEM was removed because does not look like a gene, so removing its metadata
TEM.gi_3851587_gb_AF093512.1_betalactams_Class_A_betalactamases_TEM was removed because does not look like a gene, so removing its metadata
TEM.gi_395628217_gb_JX050178.1_betalactams_Class_A_betalactamases_TEM was removed because does not look like a gene, so removing its metadata
TEM.gi_41816_emb_X57972.1_betalactams_Class_A_betalactamases_TEM was removed because does not look like a gene, so removing its metadata
TEM.gi_4557165_gb_AF104441.1_betalactams_Class_A_betalactamases_TEM was removed because does not look like a gene, so removing its metadata
TEM.gi_4557167_gb_AF104442.1_betalactams_Class_A_betalactamases_TEM was removed because does not look like a gene, so removing its metadata
TEM.gi_46370392_gb_AY589493.1_betalactams_Class_A_betalactamases_TEM was removed because does not look like a gene, so removing its metadata
TEM.gi_46370394_gb_AY589494.1_betalactams_Class_A_betalactamases_TEM was removed because does not look like a gene, so removing its metadata
TEM.gi_46370396_gb_AY589495.1_betalactams_Class_A_betalactamases_TEM was removed because does not look like a gene, so removing its metadata
TEM.gi_48527203_gb_AY628199.1_betalactams_Class_A_betalactamases_TEM was removed because does not look like a gene, so removing its metadata
TEM.gi_48734421_gb_AY628175.1_betalactams_Class_A_betalactamases_TEM was removed because does not look like a gene, so removing its metadata
TEM.gi_48734423_gb_AY628176.1_betalactams_Class_A_betalactamases_TEM was removed because does not look like a gene, so removing its metadata
TEM.gi_494595013_gb_KC865667.1_betalactams_Class_A_betalactamases_TEM was removed because does not look like a gene, so removing its metadata
TEM.gi_558500530_gb_KF663615.1_betalactams_Class_A_betalactamases_TEM was removed because does not look like a gene, so removing its metadata
TEM.gi_5650760_gb_AF062386.1_betalactams_Class_A_betalactamases_TEM was removed because does not look like a gene, so removing its metadata
TEM.gi_57232517_gb_AY853593.1_betalactams_Class_A_betalactamases_TEM was removed because does not look like a gene, so removing its metadata
TEM.gi_58200708_gb_AY874537.1_betalactams_Class_A_betalactamases_TEM was removed because does not look like a gene, so removing its metadata
TEM.gi_6007798_gb_AF188199.1_betalactams_Class_A_betalactamases_TEM was removed because does not look like a gene, so removing its metadata
TEM.gi_6176541_gb_AF190692.1_betalactams_Class_A_betalactamases_TEM was removed because does not look like a gene, so removing its metadata
TEM.gi_6176543_gb_AF190693.1_betalactams_Class_A_betalactamases_TEM was removed because does not look like a gene, so removing its metadata
TEM.gi_6176545_gb_AF190694.1_betalactams_Class_A_betalactamases_TEM was removed because does not look like a gene, so removing its metadata
TEM.gi_6176547_gb_AF190695.1_betalactams_Class_A_betalactamases_TEM was removed because does not look like a gene, so removing its metadata
TEM.gi_61967135_gb_AY956335.1_betalactams_Class_A_betalactamases_TEM was removed because does not look like a gene, so removing its metadata
TEM.gi_6606273_gb_AF157553.1_betalactams_Class_A_betalactamases_TEM was removed because does not look like a gene, so removing its metadata
TEM.gi_68137405_gb_DQ075245.1_betalactams_Class_A_betalactamases_TEM was removed because does not look like a gene, so removing its metadata
TET33.1374_DQ077487.1_DQ077487_Tetracyclines_Tetracycline_resistance_major_facilitator_superfamily_MFS_efflux_pumps_TET33 was removed because does not look like a gene, so removing its metadata
TET39.Tet_tet39_2_EU495991_Tetracyclines_Tetracycline_resistance_major_facilitator_superfamily_MFS_efflux_pumps_TET39 was removed because does not look like a gene, so removing its metadata
TET39.Tet_tet39_3_DQ195075_Tetracyclines_Tetracycline_resistance_major_facilitator_superfamily_MFS_efflux_pumps_TET39 was removed because does not look like a gene, so removing its metadata
TET45.CARD_phgb_GU584222_0_747_ARO_3003196_tet45_Tetracyclines_Tetracycline_resistance_major_facilitator_superfamily_MFS_efflux_pumps_TET45 was removed because does not look like a gene, so removing its metadata
TETA.1388_HQ399624.1_HQ399624_Tetracyclines_Tetracycline_resistance_major_facilitator_superfamily_MFS_efflux_pumps_TETA was removed because does not look like a gene, so removing its metadata
TETC.887_AY171578.1_AY171578_Tetracyclines_Tetracycline_resistance_major_facilitator_superfamily_MFS_efflux_pumps_TETC was removed because does not look like a gene, so removing its metadata
TETC.Tet_tetC_6_Y19114_Tetracyclines_Tetracycline_resistance_major_facilitator_superfamily_MFS_efflux_pumps_TETC was removed because does not look like a gene, so removing its metadata
TETE.Tet_tetE_1_Y19116_Tetracyclines_Tetracycline_resistance_major_facilitator_superfamily_MFS_efflux_pumps_TETE was removed because does not look like a gene, so removing its metadata
TETE.Tet_tetE_2_EF471995_Tetracyclines_Tetracycline_resistance_major_facilitator_superfamily_MFS_efflux_pumps_TETE was removed because does not look like a gene, so removing its metadata
TETG.Tet_tetG_1_AJ276217_Tetracyclines_Tetracycline_resistance_major_facilitator_superfamily_MFS_efflux_pumps_TETG was removed because does not look like a gene, so removing its metadata
TETW.Tet_EU434751.1_gene2_Tetracyclines_Tetracycline_resistance_ribosomal_protection_proteins_TETW was removed because does not look like a gene, so removing its metadata
VANHA.749_AY618461.1_AY618461_Glycopeptides_VanA_type_resistance_protein_VANHA was removed because does not look like a gene, so removing its metadata
VANI.CARD_phgb_HQ433580_0_512_ARO_3003723_VanI_Glycopeptides_VanI_type_resistance_protein_VANI was removed because does not look like a gene, so removing its metadata
VANSB.Gly_VanS_B_AY655721_731_2074_1344_Glycopeptides_VanB_type_regulator_VANSB was removed because does not look like a gene, so removing its metadata
VANXA.751_AY618461.1_AY618461_Glycopeptides_VanA_type_resistance_protein_VANXA was removed because does not look like a gene, so removing its metadata
VANYD.Gly_AY082011.1_gene5_Glycopeptides_VanD_type_accessory_protein_VANYD was removed because does not look like a gene, so removing its metadata
VEB.CARD_phgb_KT283240.1_0_627_ARO_3002370_VEB_1_betalactams_Class_A_betalactamases_VEB was removed because does not look like a gene, so removing its metadata
VEB.gi_126202236_gb_EF420108.1_betalactams_Class_A_betalactamases_VEB was removed because does not look like a gene, so removing its metadata
VEB.gi_17999556_gb_AY027870.1_betalactams_Class_A_betalactamases_VEB was removed because does not look like a gene, so removing its metadata
VEB.gi_44894130_gb_AY536519.1_betalactams_Class_A_betalactamases_VEB was removed because does not look like a gene, so removing its metadata
VIM.Bla_AJ536835.1_gene1_betalactams_Class_B_betalactamases_VIM was removed because does not look like a gene, so removing its metadata
VIM.Bla_AY605049.2_gene1_betalactams_Class_B_betalactamases_VIM was removed because does not look like a gene, so removing its metadata
VIM.Bla_Y18050.2_gene3_betalactams_Class_B_betalactamases_VIM was removed because does not look like a gene, so removing its metadata
VIM.gi_157310266_emb_AM778091.1_betalactams_Class_B_betalactamases_VIM was removed because does not look like a gene, so removing its metadata
VIM.gi_22758830_gb_AY135661.1_betalactams_Class_B_betalactamases_VIM was removed because does not look like a gene, so removing its metadata
VIM.gi_26892103_gb_AY165025.1_betalactams_Class_B_betalactamases_VIM was removed because does not look like a gene, so removing its metadata
gyrB.ACou_AF329398.1_gene37_Aminocoumarins_Aminocoumarin_resistant_DNA_topoisomerases_gyrB_RequiresSNPConfirmation was removed because does not look like a gene, so removing its metadata
